Using pre-set license
Built from '2021.3/staging' branch; Version is '2021.3.7f1 (24e8595d6d43) revision 2418777'; Using compiler version '192829333'; Build Type 'Release'
OS: 'Windows 10  (10.0.18363) 64bit ProfessionalWorkstation' Language: 'tr' Physical Memory: 8119 MB
BatchMode: 1, IsHumanControllingUs: 0, StartBugReporterOnCrash: 0, Is64bit: 1, IsPro: 1

COMMAND LINE ARGUMENTS:
C:\Program Files\Unity\Hub\Editor\2021.3.7f1\Editor\Unity.exe
-adb2
-batchMode
-noUpm
-name
AssetImportWorker0
-projectPath
D:/GitHub/OrangeJuicer/OrangeJuicer
-logFile
Logs/AssetImportWorker0.log
-srvPort
59828
Successfully changed project path to: D:/GitHub/OrangeJuicer/OrangeJuicer
D:/GitHub/OrangeJuicer/OrangeJuicer
[UnityMemory] Configuration Parameters - Can be set up in boot.config
    "memorysetup-bucket-allocator-granularity=16"
    "memorysetup-bucket-allocator-bucket-count=8"
    "memorysetup-bucket-allocator-block-size=33554432"
    "memorysetup-bucket-allocator-block-count=8"
    "memorysetup-main-allocator-block-size=16777216"
    "memorysetup-thread-allocator-block-size=16777216"
    "memorysetup-gfx-main-allocator-block-size=16777216"
    "memorysetup-gfx-thread-allocator-block-size=16777216"
    "memorysetup-cache-allocator-block-size=4194304"
    "memorysetup-typetree-allocator-block-size=2097152"
    "memorysetup-profiler-bucket-allocator-granularity=16"
    "memorysetup-profiler-bucket-allocator-bucket-count=8"
    "memorysetup-profiler-bucket-allocator-block-size=33554432"
    "memorysetup-profiler-bucket-allocator-block-count=8"
    "memorysetup-profiler-allocator-block-size=16777216"
    "memorysetup-profiler-editor-allocator-block-size=1048576"
    "memorysetup-temp-allocator-size-main=16777216"
    "memorysetup-job-temp-allocator-block-size=2097152"
    "memorysetup-job-temp-allocator-block-size-background=1048576"
    "memorysetup-job-temp-allocator-reduction-small-platforms=262144"
    "memorysetup-temp-allocator-size-background-worker=32768"
    "memorysetup-temp-allocator-size-job-worker=262144"
    "memorysetup-temp-allocator-size-preload-manager=33554432"
    "memorysetup-temp-allocator-size-nav-mesh-worker=65536"
    "memorysetup-temp-allocator-size-audio-worker=65536"
    "memorysetup-temp-allocator-size-cloud-worker=32768"
    "memorysetup-temp-allocator-size-gi-baking-worker=262144"
    "memorysetup-temp-allocator-size-gfx=262144"
Refreshing native plugins compatible for Editor in 130.17 ms, found 3 plugins.
Preloading 0 native plugins for Editor in 0.00 ms.
Initialize engine version: 2021.3.7f1 (24e8595d6d43)
[Subsystems] Discovering subsystems at path C:/Program Files/Unity/Hub/Editor/2021.3.7f1/Editor/Data/Resources/UnitySubsystems
[Subsystems] Discovering subsystems at path D:/GitHub/OrangeJuicer/OrangeJuicer/Assets
GfxDevice: creating device client; threaded=0; jobified=0
Direct3D:
    Version:  Direct3D 11.0 [level 11.0]
    Renderer: NVIDIA GeForce GT 745M (ID=0xfe3)
    Vendor:   NVIDIA
    VRAM:     4054 MB
    Driver:   25.21.14.2531
Initialize mono
Mono path[0] = 'C:/Program Files/Unity/Hub/Editor/2021.3.7f1/Editor/Data/Managed'
Mono path[1] = 'C:/Program Files/Unity/Hub/Editor/2021.3.7f1/Editor/Data/MonoBleedingEdge/lib/mono/unityjit-win32'
Mono config path = 'C:/Program Files/Unity/Hub/Editor/2021.3.7f1/Editor/Data/MonoBleedingEdge/etc'
Using monoOptions --debugger-agent=transport=dt_socket,embedding=1,server=y,suspend=n,address=127.0.0.1:56576
Begin MonoManager ReloadAssembly
Registering precompiled unity dll's ...
Register platform support module: C:/Program Files/Unity/Hub/Editor/2021.3.7f1/Editor/Data/PlaybackEngines/WebGLSupport/UnityEditor.WebGL.Extensions.dll
Register platform support module: C:/Program Files/Unity/Hub/Editor/2021.3.7f1/Editor/Data/PlaybackEngines/AndroidPlayer/UnityEditor.Android.Extensions.dll
Register platform support module: C:/Program Files/Unity/Hub/Editor/2021.3.7f1/Editor/Data/PlaybackEngines/WindowsStandaloneSupport/UnityEditor.WindowsStandalone.Extensions.dll
Registered in 0.015686 seconds.
Native extension for WindowsStandalone target not found
Native extension for Android target not found
Native extension for WebGL target not found
Refreshing native plugins compatible for Editor in 129.28 ms, found 3 plugins.
Preloading 0 native plugins for Editor in 0.00 ms.
Mono: successfully reloaded assembly
- Completed reload, in  1.168 seconds
Domain Reload Profiling:
	ReloadAssembly (1168ms)
		BeginReloadAssembly (153ms)
			ExecutionOrderSort (0ms)
			DisableScriptedObjects (0ms)
			BackupInstance (0ms)
			ReleaseScriptingObjects (0ms)
			CreateAndSetChildDomain (2ms)
		EndReloadAssembly (807ms)
			LoadAssemblies (145ms)
			RebuildTransferFunctionScriptingTraits (0ms)
			SetupTypeCache (198ms)
			ReleaseScriptCaches (0ms)
			RebuildScriptCaches (45ms)
			SetupLoadedEditorAssemblies (466ms)
				LogAssemblyErrors (0ms)
				InitializePlatformSupportModulesInManaged (103ms)
				SetLoadedEditorAssemblies (0ms)
				RefreshPlugins (129ms)
				BeforeProcessingInitializeOnLoad (2ms)
				ProcessInitializeOnLoadAttributes (159ms)
				ProcessInitializeOnLoadMethodAttributes (72ms)
				AfterProcessingInitializeOnLoad (0ms)
				EditorAssembliesLoaded (0ms)
			ExecutionOrderSort2 (0ms)
			AwakeInstancesAfterBackupRestoration (0ms)
Platform modules already initialized, skipping
Registering precompiled user dll's ...
Registered in 0.013169 seconds.
Begin MonoManager ReloadAssembly
Symbol file LoadedFromMemory doesn't match image D:\GitHub\OrangeJuicer\OrangeJuicer\Library\PackageCache\com.unity.visualscripting@1.7.8\Editor\VisualScripting.Core\Dependencies\YamlDotNet\Unity.VisualScripting.YamlDotNet.dll
Symbol file LoadedFromMemory doesn't match image D:\GitHub\OrangeJuicer\OrangeJuicer\Library\PackageCache\com.unity.visualscripting@1.7.8\Editor\VisualScripting.Core\Dependencies\DotNetZip\Unity.VisualScripting.IonicZip.dll
Native extension for WindowsStandalone target not found
Native extension for Android target not found
Native extension for WebGL target not found
Refreshing native plugins compatible for Editor in 0.96 ms, found 3 plugins.
Preloading 0 native plugins for Editor in 0.00 ms.
Mono: successfully reloaded assembly
- Completed reload, in  1.900 seconds
Domain Reload Profiling:
	ReloadAssembly (1902ms)
		BeginReloadAssembly (305ms)
			ExecutionOrderSort (0ms)
			DisableScriptedObjects (10ms)
			BackupInstance (0ms)
			ReleaseScriptingObjects (0ms)
			CreateAndSetChildDomain (132ms)
		EndReloadAssembly (1386ms)
			LoadAssemblies (158ms)
			RebuildTransferFunctionScriptingTraits (0ms)
			SetupTypeCache (461ms)
			ReleaseScriptCaches (1ms)
			RebuildScriptCaches (82ms)
			SetupLoadedEditorAssemblies (614ms)
				LogAssemblyErrors (0ms)
				InitializePlatformSupportModulesInManaged (28ms)
				SetLoadedEditorAssemblies (1ms)
				RefreshPlugins (1ms)
				BeforeProcessingInitializeOnLoad (142ms)
				ProcessInitializeOnLoadAttributes (374ms)
				ProcessInitializeOnLoadMethodAttributes (49ms)
				AfterProcessingInitializeOnLoad (19ms)
				EditorAssembliesLoaded (0ms)
			ExecutionOrderSort2 (0ms)
			AwakeInstancesAfterBackupRestoration (9ms)
Platform modules already initialized, skipping
========================================================================
Worker process is ready to serve import requests
Launched and connected shader compiler UnityShaderCompiler.exe after 0.07 seconds
Refreshing native plugins compatible for Editor in 0.80 ms, found 3 plugins.
Preloading 0 native plugins for Editor in 0.00 ms.
Unloading 3379 Unused Serialized files (Serialized files now loaded: 0)
Unloading 27 unused Assets / (111.3 KB). Loaded Objects now: 3838.
Memory consumption went from 116.2 MB to 116.1 MB.
Total: 5.530100 ms (FindLiveObjects: 0.488300 ms CreateObjectMapping: 0.255200 ms MarkObjects: 4.549200 ms  DeleteObjects: 0.235500 ms)

AssetImportParameters requested are different than current active one (requested -> active):
  custom:video-decoder-ogg-theora: a1e56fd34408186e4bbccfd4996cb3dc -> 
  custom:container-muxer-webm: aa71ff27fc2769a1b78a27578f13a17b -> 
  custom:container-demuxer-webm: 4f35f7cbe854078d1ac9338744f61a02 -> 
  custom:video-encoder-webm-vp8: eb34c28f22e8b96e1ab97ce403110664 -> 
  custom:audio-encoder-webm-vorbis: bf7c407c2cedff20999df2af8eb42d56 -> 
  custom:framework-win-MediaFoundation: 216162199b28c13a410421893ffa2e32 -> 
  custom:container-demuxer-ogg: 62fdf1f143b41e24485cea50d1cbac27 -> 
  custom:video-decoder-webm-vp8: 9c59270c3fd7afecdb556c50c9e8de78 -> 
  custom:audio-decoder-ogg-vorbis: bf7c407c2cedff20999df2af8eb42d56 -> 
========================================================================
Received Import Request.
  Time since last request: 2587437.231939 seconds.
  path: Assets/Models/PressJuicer
  artifactKey: Guid(90002d3b90bcdb54da1b9ab34888f20e) Importer(815301076,1909f56bfc062723c751e8b465ee728b)
Start importing Assets/Models/PressJuicer using Guid(90002d3b90bcdb54da1b9ab34888f20e) Importer(815301076,1909f56bfc062723c751e8b465ee728b)  -> (artifact id: '65226b63dec614cfcbf5599b0e009477') in 0.010042 seconds 
========================================================================
Received Import Request.
  Time since last request: 0.000036 seconds.
  path: Assets/Models/PressJuicer/Cold pressed juicer.mtl
  artifactKey: Guid(ad5d51e1f7e521241bef473116ac7ec8) Importer(815301076,1909f56bfc062723c751e8b465ee728b)
Start importing Assets/Models/PressJuicer/Cold pressed juicer.mtl using Guid(ad5d51e1f7e521241bef473116ac7ec8) Importer(815301076,1909f56bfc062723c751e8b465ee728b)  -> (artifact id: '69464e0505cf0519672b56f6860e976c') in 0.053437 seconds 
========================================================================
Received Import Request.
  Time since last request: 22.365624 seconds.
  path: Assets/Models/PressJuicer/Cold pressed juicer.obj
  artifactKey: Guid(a26661f413eb7164982aa88e4634b02d) Importer(815301076,1909f56bfc062723c751e8b465ee728b)
Start importing Assets/Models/PressJuicer/Cold pressed juicer.obj using Guid(a26661f413eb7164982aa88e4634b02d) Importer(815301076,1909f56bfc062723c751e8b465ee728b)  -> (artifact id: '1d6cef49b0692c1021df58d01accfeb1') in 0.562032 seconds 
========================================================================
Received Import Request.
  Time since last request: 2.794441 seconds.
  path: Assets/TexturesAndMaterials/Juicer
  artifactKey: Guid(ad5af333b0819e748ab15784d72597c5) Importer(815301076,1909f56bfc062723c751e8b465ee728b)
Start importing Assets/TexturesAndMaterials/Juicer using Guid(ad5af333b0819e748ab15784d72597c5) Importer(815301076,1909f56bfc062723c751e8b465ee728b)  -> (artifact id: 'd020d1514576451cb6e4c8bd4bc20d7c') in 0.003168 seconds 
========================================================================
Received Import Request.
  Time since last request: 0.054636 seconds.
  path: Assets/TexturesAndMaterials/Juicer/Cylinder006Mat.mat
  artifactKey: Guid(d7bebf523203d154c8219fbdfcb48cfe) Importer(815301076,1909f56bfc062723c751e8b465ee728b)
Start importing Assets/TexturesAndMaterials/Juicer/Cylinder006Mat.mat using Guid(d7bebf523203d154c8219fbdfcb48cfe) Importer(815301076,1909f56bfc062723c751e8b465ee728b)  -> (artifact id: 'f2b68f7784b0303a0397299596600cc7') in 0.043193 seconds 
========================================================================
Received Import Request.
  Time since last request: 0.000029 seconds.
  path: Assets/TexturesAndMaterials/Juicer/Object002Mat.mat
  artifactKey: Guid(72cab15de3f0b37408b2c5cbba7bf98e) Importer(815301076,1909f56bfc062723c751e8b465ee728b)
Start importing Assets/TexturesAndMaterials/Juicer/Object002Mat.mat using Guid(72cab15de3f0b37408b2c5cbba7bf98e) Importer(815301076,1909f56bfc062723c751e8b465ee728b)  -> (artifact id: 'a7a3578396a70a80525141f28e9a01fa') in 0.013653 seconds 
========================================================================
Received Import Request.
  Time since last request: 0.000028 seconds.
  path: Assets/TexturesAndMaterials/Juicer/Cylinder009Mat.mat
  artifactKey: Guid(af28e422e0f73e34ead272120a2fd74d) Importer(815301076,1909f56bfc062723c751e8b465ee728b)
Start importing Assets/TexturesAndMaterials/Juicer/Cylinder009Mat.mat using Guid(af28e422e0f73e34ead272120a2fd74d) Importer(815301076,1909f56bfc062723c751e8b465ee728b)  -> (artifact id: '123a212f5702008c516bb49c64c838eb') in 0.012843 seconds 
========================================================================
Received Import Request.
  Time since last request: 9.770946 seconds.
  path: Assets/Models/Juice/model.obj
  artifactKey: Guid(94317a48d3d854341a618b8fd4bb146a) Importer(815301076,1909f56bfc062723c751e8b465ee728b)
Start importing Assets/Models/Juice/model.obj using Guid(94317a48d3d854341a618b8fd4bb146a) Importer(815301076,1909f56bfc062723c751e8b465ee728b)  -> (artifact id: '8d57b5870870f9779c4f530ae3a36be4') in 0.135555 seconds 
========================================================================
Received Import Request.
  Time since last request: 83.545286 seconds.
  path: Assets/Scripts
  artifactKey: Guid(004c1c55675c31c459659e1d8d98f009) Importer(815301076,1909f56bfc062723c751e8b465ee728b)
Start importing Assets/Scripts using Guid(004c1c55675c31c459659e1d8d98f009) Importer(815301076,1909f56bfc062723c751e8b465ee728b)  -> (artifact id: 'ae1c311211c114e0b27573b2fcccf559') in 0.002213 seconds 
========================================================================
Received Import Request.
  Time since last request: 1.291344 seconds.
  path: Assets/Scripts/PlayerMovement.cs
  artifactKey: Guid(c5cee6b89eb077b478e7285221f97449) Importer(815301076,1909f56bfc062723c751e8b465ee728b)
Start importing Assets/Scripts/PlayerMovement.cs using Guid(c5cee6b89eb077b478e7285221f97449) Importer(815301076,1909f56bfc062723c751e8b465ee728b)  -> (artifact id: 'ca2154499a00b0f10f14764b2ba607d6') in 0.009592 seconds 
========================================================================
Received Import Request.
  Time since last request: 84.331892 seconds.
  path: Assets/Scripts/PlayerMovement.cs
  artifactKey: Guid(c5cee6b89eb077b478e7285221f97449) Importer(815301076,1909f56bfc062723c751e8b465ee728b)
Start importing Assets/Scripts/PlayerMovement.cs using Guid(c5cee6b89eb077b478e7285221f97449) Importer(815301076,1909f56bfc062723c751e8b465ee728b)  -> (artifact id: 'cbb9c5f81206cfdaf1d7f43ba7527568') in 0.003229 seconds 
========================================================================
Received Prepare
Registering precompiled user dll's ...
Registered in 0.015931 seconds.
Begin MonoManager ReloadAssembly
Symbol file LoadedFromMemory doesn't match image D:\GitHub\OrangeJuicer\OrangeJuicer\Library\PackageCache\com.unity.visualscripting@1.7.8\Editor\VisualScripting.Core\Dependencies\YamlDotNet\Unity.VisualScripting.YamlDotNet.dll
Symbol file LoadedFromMemory doesn't match image D:\GitHub\OrangeJuicer\OrangeJuicer\Library\PackageCache\com.unity.visualscripting@1.7.8\Editor\VisualScripting.Core\Dependencies\DotNetZip\Unity.VisualScripting.IonicZip.dll
Native extension for WindowsStandalone target not found
Native extension for Android target not found
Native extension for WebGL target not found
Refreshing native plugins compatible for Editor in 0.80 ms, found 3 plugins.
Preloading 0 native plugins for Editor in 0.00 ms.
Mono: successfully reloaded assembly
- Completed reload, in  1.855 seconds
Domain Reload Profiling:
	ReloadAssembly (1856ms)
		BeginReloadAssembly (265ms)
			ExecutionOrderSort (0ms)
			DisableScriptedObjects (9ms)
			BackupInstance (0ms)
			ReleaseScriptingObjects (0ms)
			CreateAndSetChildDomain (78ms)
		EndReloadAssembly (1387ms)
			LoadAssemblies (168ms)
			RebuildTransferFunctionScriptingTraits (0ms)
			SetupTypeCache (469ms)
			ReleaseScriptCaches (2ms)
			RebuildScriptCaches (70ms)
			SetupLoadedEditorAssemblies (613ms)
				LogAssemblyErrors (0ms)
				InitializePlatformSupportModulesInManaged (43ms)
				SetLoadedEditorAssemblies (1ms)
				RefreshPlugins (1ms)
				BeforeProcessingInitializeOnLoad (127ms)
				ProcessInitializeOnLoadAttributes (363ms)
				ProcessInitializeOnLoadMethodAttributes (56ms)
				AfterProcessingInitializeOnLoad (21ms)
				EditorAssembliesLoaded (0ms)
			ExecutionOrderSort2 (0ms)
			AwakeInstancesAfterBackupRestoration (9ms)
Platform modules already initialized, skipping
Refreshing native plugins compatible for Editor in 3.87 ms, found 3 plugins.
Preloading 0 native plugins for Editor in 0.00 ms.
Unloading 3375 Unused Serialized files (Serialized files now loaded: 0)
Unloading 20 unused Assets / (78.5 KB). Loaded Objects now: 3884.
Memory consumption went from 120.9 MB to 120.8 MB.
Total: 4.874200 ms (FindLiveObjects: 0.377200 ms CreateObjectMapping: 0.164800 ms MarkObjects: 4.196100 ms  DeleteObjects: 0.134400 ms)

AssetImportParameters requested are different than current active one (requested -> active):
  custom:video-decoder-ogg-theora: a1e56fd34408186e4bbccfd4996cb3dc -> 
  custom:container-muxer-webm: aa71ff27fc2769a1b78a27578f13a17b -> 
  custom:container-demuxer-webm: 4f35f7cbe854078d1ac9338744f61a02 -> 
  custom:video-encoder-webm-vp8: eb34c28f22e8b96e1ab97ce403110664 -> 
  custom:audio-encoder-webm-vorbis: bf7c407c2cedff20999df2af8eb42d56 -> 
  custom:framework-win-MediaFoundation: 216162199b28c13a410421893ffa2e32 -> 
  custom:container-demuxer-ogg: 62fdf1f143b41e24485cea50d1cbac27 -> 
  custom:video-decoder-webm-vp8: 9c59270c3fd7afecdb556c50c9e8de78 -> 
  custom:audio-decoder-ogg-vorbis: bf7c407c2cedff20999df2af8eb42d56 -> 
========================================================================
Received Import Request.
  Time since last request: 46.356697 seconds.
  path: Assets/Arts/map_texture 1.png
  artifactKey: Guid(ba22c7219e41937418b706891cffbcdc) Importer(815301076,1909f56bfc062723c751e8b465ee728b)
Start importing Assets/Arts/map_texture 1.png using Guid(ba22c7219e41937418b706891cffbcdc) Importer(815301076,1909f56bfc062723c751e8b465ee728b)  -> (artifact id: '809e82532a583a51faeb72c96c45e6dd') in 0.108745 seconds 
========================================================================
Received Import Request.
  Time since last request: 161.184393 seconds.
  path: Assets/Arts/Materials
  artifactKey: Guid(471fc90677860454ba38155315629105) Importer(815301076,1909f56bfc062723c751e8b465ee728b)
Start importing Assets/Arts/Materials using Guid(471fc90677860454ba38155315629105) Importer(815301076,1909f56bfc062723c751e8b465ee728b)  -> (artifact id: 'f007d317cbef86c749501e9ca9f37c1b') in 0.002491 seconds 
========================================================================
Received Import Request.
  Time since last request: 2.542086 seconds.
  path: Assets/Arts
  artifactKey: Guid(c954caad30cebb1439acb832843db5a5) Importer(815301076,1909f56bfc062723c751e8b465ee728b)
Start importing Assets/Arts using Guid(c954caad30cebb1439acb832843db5a5) Importer(815301076,1909f56bfc062723c751e8b465ee728b)  -> (artifact id: 'a7cf2b556f06f7aefb6d6c90f8856474') in 0.003385 seconds 
========================================================================
Received Import Request.
  Time since last request: 8.208941 seconds.
  path: Assets/TexturesMaterials
  artifactKey: Guid(471fc90677860454ba38155315629105) Importer(815301076,1909f56bfc062723c751e8b465ee728b)
Start importing Assets/TexturesMaterials using Guid(471fc90677860454ba38155315629105) Importer(815301076,1909f56bfc062723c751e8b465ee728b)  -> (artifact id: '39bee3f76aa29603b410ac9f20fa0ab3') in 0.004007 seconds 
========================================================================
Received Import Request.
  Time since last request: 1.129576 seconds.
  path: Assets/TexturesMaterials/map_texture 1.mat
  artifactKey: Guid(ea4e058c3dbe4704a98d1b5efbe6fdbe) Importer(815301076,1909f56bfc062723c751e8b465ee728b)
Start importing Assets/TexturesMaterials/map_texture 1.mat using Guid(ea4e058c3dbe4704a98d1b5efbe6fdbe) Importer(815301076,1909f56bfc062723c751e8b465ee728b)  -> (artifact id: '2687813cb7dd2d90e5a615ecf82d9cc5') in 0.083892 seconds 
========================================================================
Received Import Request.
  Time since last request: 18.763813 seconds.
  path: Assets/TexturesMaterials/map_texture 1.mat
  artifactKey: Guid(ea4e058c3dbe4704a98d1b5efbe6fdbe) Importer(815301076,1909f56bfc062723c751e8b465ee728b)
Start importing Assets/TexturesMaterials/map_texture 1.mat using Guid(ea4e058c3dbe4704a98d1b5efbe6fdbe) Importer(815301076,1909f56bfc062723c751e8b465ee728b)  -> (artifact id: '2b98f4391f7f3a3692ab947e47b8d0a4') in 0.018689 seconds 
